<?xml version="1.0" encoding="UTF-8"?>
<!-- Generated by org.testng.reporters.JUnitReportReporter -->
<testsuite skipped="4" hostname="admin-PC" name="com.Guru99ecommerce.testcases.TC_Homepage_0001" tests="5" failures="0" timestamp="16 May 2019 14:47:30 GMT" time="36.989" errors="1">
  <testcase name="SetUp" time="36.989" classname="com.Guru99ecommerce.testcases.TC_Homepage_0001">
    <error type="org.apache.logging.log4j.core.config.ConfigurationException" message="No name attribute provided for Appender rolling">
      <![CDATA[org.apache.logging.log4j.core.config.ConfigurationException: No name attribute provided for Appender rolling
	at org.apache.logging.log4j.core.config.properties.PropertiesConfigurationBuilder.createAppender(PropertiesConfigurationBuilder.java:212)
	at org.apache.logging.log4j.core.config.properties.PropertiesConfigurationBuilder.build(PropertiesConfigurationBuilder.java:158)
	at org.apache.logging.log4j.core.config.properties.PropertiesConfigurationFactory.getConfiguration(PropertiesConfigurationFactory.java:52)
	at org.apache.logging.log4j.core.config.properties.PropertiesConfigurationFactory.getConfiguration(PropertiesConfigurationFactory.java:35)
	at org.apache.logging.log4j.core.config.ConfigurationFactory$Factory.getConfiguration(ConfigurationFactory.java:453)
	at org.apache.logging.log4j.core.config.ConfigurationFactory$Factory.getConfiguration(ConfigurationFactory.java:385)
	at org.apache.logging.log4j.core.config.ConfigurationFactory.getConfiguration(ConfigurationFactory.java:260)
	at org.apache.logging.log4j.core.LoggerContext.reconfigure(LoggerContext.java:615)
	at org.apache.logging.log4j.core.LoggerContext.reconfigure(LoggerContext.java:636)
	at org.apache.logging.log4j.core.LoggerContext.start(LoggerContext.java:231)
	at org.apache.logging.log4j.core.impl.Log4jContextFactory.getContext(Log4jContextFactory.java:243)
	at org.apache.logging.log4j.core.impl.Log4jContextFactory.getContext(Log4jContextFactory.java:45)
	at org.apache.logging.log4j.LogManager.getContext(LogManager.java:174)
	at org.apache.logging.log4j.LogManager.getLogger(LogManager.java:648)
	at com.Guru99ecommerce.testcases.BaseClass.SetUp(BaseClass.java:42)
	at sun.reflect.NativeMethodAccessorImpl.invoke0(Native Method)
	at sun.reflect.NativeMethodAccessorImpl.invoke(Unknown Source)
	at sun.reflect.DelegatingMethodAccessorImpl.invoke(Unknown Source)
	at java.lang.reflect.Method.invoke(Unknown Source)
	at org.testng.internal.MethodInvocationHelper.invokeMethod(MethodInvocationHelper.java:108)
	at org.testng.internal.Invoker.invokeConfigurationMethod(Invoker.java:523)
	at org.testng.internal.Invoker.invokeConfigurations(Invoker.java:224)
	at org.testng.internal.Invoker.invokeConfigurations(Invoker.java:146)
	at org.testng.SuiteRunner.privateRun(SuiteRunner.java:326)
	at org.testng.SuiteRunner.run(SuiteRunner.java:289)
	at org.testng.SuiteRunnerWorker.runSuite(SuiteRunnerWorker.java:52)
	at org.testng.SuiteRunnerWorker.run(SuiteRunnerWorker.java:86)
	at org.testng.TestNG.runSuitesSequentially(TestNG.java:1301)
	at org.testng.TestNG.runSuitesLocally(TestNG.java:1226)
	at org.testng.TestNG.runSuites(TestNG.java:1144)
	at org.testng.TestNG.run(TestNG.java:1115)
	at org.apache.maven.surefire.testng.TestNGExecutor.run(TestNGExecutor.java:281)
	at org.apache.maven.surefire.testng.TestNGXmlTestSuite.execute(TestNGXmlTestSuite.java:75)
	at org.apache.maven.surefire.testng.TestNGProvider.invoke(TestNGProvider.java:121)
	at org.apache.maven.surefire.booter.ForkedBooter.invokeProviderInSameClassLoader(ForkedBooter.java:290)
	at org.apache.maven.surefire.booter.ForkedBooter.runSuitesInProcess(ForkedBooter.java:242)
	at org.apache.maven.surefire.booter.ForkedBooter.main(ForkedBooter.java:121)
]]>
    </error>
  </testcase> <!-- SetUp -->
  <testcase name="title_verification" time="0.000" classname="com.Guru99ecommerce.testcases.TC_Homepage_0001">
    <skipped/>
  </testcase> <!-- title_verification -->
  <testcase name="Sort" time="0.000" classname="com.Guru99ecommerce.testcases.TC_Homepage_0001">
    <skipped/>
  </testcase> <!-- Sort -->
  <testcase name="title_verification1" time="0.000" classname="com.Guru99ecommerce.testcases.TC_Homepage_0001">
    <skipped/>
  </testcase> <!-- title_verification1 -->
  <testcase name="Sort_Name" time="0.000" classname="com.Guru99ecommerce.testcases.TC_Homepage_0001">
    <skipped/>
  </testcase> <!-- Sort_Name -->
</testsuite> <!-- com.Guru99ecommerce.testcases.TC_Homepage_0001 -->
